================================================================================

🔗 泛型偏序关系分析

================================================================================

📊 泛型约束统计:

  总泛型参数数量: 241

🎯 按 Trait 约束分组:

  • AsRef:
    └─ decode_slice.T
    └─ encode_engine_slice.T
    └─ encode_engine.T
    └─ decode_engine.T
    └─ decode_slice_unchecked.T
    └─ encode_engine_string.T
    └─ decode_vec.T
    └─ encode_string.T
    └─ decode.T
    └─ encode.T
    └─ decode_engine_vec.T
    └─ decode_engine_slice.T
    └─ encode.T
    └─ decode.T
    └─ encode_slice.T

  • Engine:
    └─ Base64Display.E
    └─ EncoderWriter.E
    └─ DecoderReader.E
    └─ EncoderStringWriter.E
    └─ encode_engine_slice.E
    └─ encode_engine.E
    └─ decode_engine.E
    └─ (匿名).E
    └─ encode_engine_string.E
    └─ (匿名).E
    └─ (匿名).E
    └─ (匿名).E
    └─ (匿名).E
    └─ decode_engine_vec.E
    └─ (匿名).E
    └─ decode_engine_slice.E
    └─ (匿名).E
    └─ (匿名).E
    └─ (匿名).E
    └─ (匿名).E
    └─ (匿名).E
    └─ (匿名).E

  • Sized: (默认 trait)
    └─ (匿名).S

  • StrConsumer:
    └─ EncoderStringWriter.S
    └─ (匿名).S
    └─ (匿名).S
    └─ (匿名).S

  • io::Read:
    └─ DecoderReader.R
    └─ (匿名).R
    └─ (匿名).R
    └─ (匿名).R

  • io::Write:
    └─ EncoderWriter.W
    └─ (匿名).W
    └─ (匿名).W
    └─ (匿名).W
    └─ (匿名).W

🔗 泛型可用性分析:

  说明: 如果泛型 T 满足约束 A + B，那么 T 可以用于需要 A 或 B 的地方

  • Base64Display.E: 满足 Engine
    可以用于需要以下任一约束的地方:
      - Engine

  • EncoderWriter.E: 满足 Engine
    可以用于需要以下任一约束的地方:
      - Engine

  • EncoderWriter.W: 满足 io::Write
    可以用于需要以下任一约束的地方:
      - io::Write

  • DecoderReader.E: 满足 Engine
    可以用于需要以下任一约束的地方:
      - Engine

  • DecoderReader.R: 满足 io::Read
    可以用于需要以下任一约束的地方:
      - io::Read

  • EncoderStringWriter.E: 满足 Engine
    可以用于需要以下任一约束的地方:
      - Engine

  • EncoderStringWriter.S: 满足 StrConsumer
    可以用于需要以下任一约束的地方:
      - StrConsumer

  • decode_slice.T: 满足 AsRef
    可以用于需要以下任一约束的地方:
      - AsRef

  • (匿名).T: 无约束 (可用于任何地方)

  • (匿名).E: 无约束 (可用于任何地方)

  • (匿名).W: 无约束 (可用于任何地方)

  • encode_engine_slice.E: 满足 Engine
    可以用于需要以下任一约束的地方:
      - Engine

  • encode_engine_slice.T: 满足 AsRef
    可以用于需要以下任一约束的地方:
      - AsRef

  • encode_engine.E: 满足 Engine
    可以用于需要以下任一约束的地方:
      - Engine

  • encode_engine.T: 满足 AsRef
    可以用于需要以下任一约束的地方:
      - AsRef

  • decode_engine.E: 满足 Engine
    可以用于需要以下任一约束的地方:
      - Engine

  • decode_engine.T: 满足 AsRef
    可以用于需要以下任一约束的地方:
      - AsRef

  • (匿名).T: 无约束 (可用于任何地方)

  • (匿名).U: 无约束 (可用于任何地方)

  • decode_slice_unchecked.T: 满足 AsRef
    可以用于需要以下任一约束的地方:
      - AsRef

  • (匿名).T: 无约束 (可用于任何地方)

  • (匿名).T: 无约束 (可用于任何地方)

  • (匿名).U: 无约束 (可用于任何地方)

  • (匿名).T: 无约束 (可用于任何地方)

  • (匿名).E: 满足 Engine
    可以用于需要以下任一约束的地方:
      - Engine

  • (匿名).W: 满足 io::Write
    可以用于需要以下任一约束的地方:
      - io::Write

  • encode_engine_string.E: 满足 Engine
    可以用于需要以下任一约束的地方:
      - Engine

  • encode_engine_string.T: 满足 AsRef
    可以用于需要以下任一约束的地方:
      - AsRef

  • (匿名).T: 无约束 (可用于任何地方)

  • (匿名).U: 无约束 (可用于任何地方)

  • (匿名).T: 无约束 (可用于任何地方)

  • (匿名).E: 无约束 (可用于任何地方)

  • (匿名).S: 无约束 (可用于任何地方)

  • (匿名).T: 无约束 (可用于任何地方)

  • (匿名).T: 无约束 (可用于任何地方)

  • (匿名).U: 无约束 (可用于任何地方)

  • (匿名).E: 无约束 (可用于任何地方)

  • (匿名).S: 无约束 (可用于任何地方)

  • (匿名).T: 无约束 (可用于任何地方)

  • (匿名).U: 无约束 (可用于任何地方)

  • (匿名).T: 无约束 (可用于任何地方)

  • (匿名).U: 无约束 (可用于任何地方)

  • (匿名).T: 无约束 (可用于任何地方)

  • (匿名).T: 无约束 (可用于任何地方)

  • (匿名).T: 无约束 (可用于任何地方)

  • (匿名).U: 无约束 (可用于任何地方)

  • (匿名).T: 无约束 (可用于任何地方)

  • (匿名).T: 无约束 (可用于任何地方)

  • (匿名).T: 无约束 (可用于任何地方)

  • (匿名).T: 无约束 (可用于任何地方)

  • (匿名).T: 无约束 (可用于任何地方)

  • (匿名).E: 无约束 (可用于任何地方)

  • (匿名).T: 无约束 (可用于任何地方)

  • (匿名).T: 无约束 (可用于任何地方)

  • (匿名).T: 无约束 (可用于任何地方)

  • (匿名).T: 无约束 (可用于任何地方)

  • (匿名).U: 无约束 (可用于任何地方)

  • (匿名).E: 无约束 (可用于任何地方)

  • (匿名).S: 无约束 (可用于任何地方)

  • (匿名).E: 无约束 (可用于任何地方)

  • (匿名).W: 无约束 (可用于任何地方)

  • (匿名).T: 无约束 (可用于任何地方)

  • (匿名).U: 无约束 (可用于任何地方)

  • (匿名).E: 无约束 (可用于任何地方)

  • (匿名).S: 无约束 (可用于任何地方)

  • (匿名).T: 无约束 (可用于任何地方)

  • (匿名).U: 无约束 (可用于任何地方)

  • (匿名).E: 无约束 (可用于任何地方)

  • (匿名).W: 无约束 (可用于任何地方)

  • (匿名).E: 无约束 (可用于任何地方)

  • (匿名).T: 无约束 (可用于任何地方)

  • (匿名).U: 无约束 (可用于任何地方)

  • (匿名).E: 无约束 (可用于任何地方)

  • (匿名).R: 无约束 (可用于任何地方)

  • (匿名).E: 无约束 (可用于任何地方)

  • (匿名).R: 无约束 (可用于任何地方)

  • (匿名).T: 无约束 (可用于任何地方)

  • (匿名).T: 无约束 (可用于任何地方)

  • decode_vec.T: 满足 AsRef
    可以用于需要以下任一约束的地方:
      - AsRef

  • (匿名).T: 无约束 (可用于任何地方)

  • (匿名).T: 无约束 (可用于任何地方)

  • (匿名).T: 无约束 (可用于任何地方)

  • (匿名).U: 无约束 (可用于任何地方)

  • (匿名).T: 无约束 (可用于任何地方)

  • (匿名).E: 满足 Engine
    可以用于需要以下任一约束的地方:
      - Engine

  • (匿名).S: 满足 StrConsumer
    可以用于需要以下任一约束的地方:
      - StrConsumer

  • (匿名).T: 无约束 (可用于任何地方)

  • (匿名).T: 无约束 (可用于任何地方)

  • (匿名).U: 无约束 (可用于任何地方)

  • (匿名).T: 无约束 (可用于任何地方)

  • (匿名).T: 无约束 (可用于任何地方)

  • (匿名).U: 无约束 (可用于任何地方)

  • (匿名).E: 满足 Engine
    可以用于需要以下任一约束的地方:
      - Engine

  • (匿名).R: 满足 io::Read
    可以用于需要以下任一约束的地方:
      - io::Read

  • (匿名).T: 无约束 (可用于任何地方)

  • (匿名).U: 无约束 (可用于任何地方)

  • (匿名).T: 无约束 (可用于任何地方)

  • (匿名).U: 无约束 (可用于任何地方)

  • (匿名).T: 无约束 (可用于任何地方)

  • (匿名).T: 无约束 (可用于任何地方)

  • (匿名).T: 无约束 (可用于任何地方)

  • (匿名).E: 无约束 (可用于任何地方)

  • (匿名).R: 无约束 (可用于任何地方)

  • (匿名).T: 无约束 (可用于任何地方)

  • (匿名).T: 无约束 (可用于任何地方)

  • encode_string.T: 满足 AsRef
    可以用于需要以下任一约束的地方:
      - AsRef

  • (匿名).T: 无约束 (可用于任何地方)

  • (匿名).U: 无约束 (可用于任何地方)

  • (匿名).T: 无约束 (可用于任何地方)

  • (匿名).E: 满足 Engine
    可以用于需要以下任一约束的地方:
      - Engine

  • (匿名).W: 满足 io::Write
    可以用于需要以下任一约束的地方:
      - io::Write

  • (匿名).T: 无约束 (可用于任何地方)

  • (匿名).T: 无约束 (可用于任何地方)

  • (匿名).U: 无约束 (可用于任何地方)

  • (匿名).E: 满足 Engine
    可以用于需要以下任一约束的地方:
      - Engine

  • (匿名).W: 满足 io::Write
    可以用于需要以下任一约束的地方:
      - io::Write

  • (匿名).T: 无约束 (可用于任何地方)

  • (匿名).T: 无约束 (可用于任何地方)

  • (匿名).T: 无约束 (可用于任何地方)

  • (匿名).T: 无约束 (可用于任何地方)

  • (匿名).T: 无约束 (可用于任何地方)

  • (匿名).E: 无约束 (可用于任何地方)

  • (匿名).W: 无约束 (可用于任何地方)

  • (匿名).E: 无约束 (可用于任何地方)

  • (匿名).W: 无约束 (可用于任何地方)

  • (匿名).T: 无约束 (可用于任何地方)

  • (匿名).U: 无约束 (可用于任何地方)

  • (匿名).E: 无约束 (可用于任何地方)

  • (匿名).S: 无约束 (可用于任何地方)

  • (匿名).T: 无约束 (可用于任何地方)

  • (匿名).U: 无约束 (可用于任何地方)

  • (匿名).T: 无约束 (可用于任何地方)

  • (匿名).T: 无约束 (可用于任何地方)

  • (匿名).U: 无约束 (可用于任何地方)

  • (匿名).T: 无约束 (可用于任何地方)

  • (匿名).T: 无约束 (可用于任何地方)

  • (匿名).T: 无约束 (可用于任何地方)

  • (匿名).T: 无约束 (可用于任何地方)

  • (匿名).T: 无约束 (可用于任何地方)

  • (匿名).T: 无约束 (可用于任何地方)

  • (匿名).T: 无约束 (可用于任何地方)

  • (匿名).T: 无约束 (可用于任何地方)

  • (匿名).T: 无约束 (可用于任何地方)

  • (匿名).U: 无约束 (可用于任何地方)

  • (匿名).E: 无约束 (可用于任何地方)

  • (匿名).S: 无约束 (可用于任何地方)

  • (匿名).T: 无约束 (可用于任何地方)

  • (匿名).U: 无约束 (可用于任何地方)

  • decode.T: 满足 AsRef
    可以用于需要以下任一约束的地方:
      - AsRef

  • (匿名).T: 无约束 (可用于任何地方)

  • (匿名).U: 无约束 (可用于任何地方)

  • (匿名).T: 无约束 (可用于任何地方)

  • (匿名).T: 无约束 (可用于任何地方)

  • (匿名).E: 无约束 (可用于任何地方)

  • (匿名).T: 无约束 (可用于任何地方)

  • (匿名).T: 无约束 (可用于任何地方)

  • encode.T: 满足 AsRef
    可以用于需要以下任一约束的地方:
      - AsRef

  • decode_engine_vec.E: 满足 Engine
    可以用于需要以下任一约束的地方:
      - Engine

  • decode_engine_vec.T: 满足 AsRef
    可以用于需要以下任一约束的地方:
      - AsRef

  • (匿名).T: 无约束 (可用于任何地方)

  • (匿名).T: 无约束 (可用于任何地方)

  • (匿名).U: 无约束 (可用于任何地方)

  • (匿名).T: 无约束 (可用于任何地方)

  • (匿名).T: 无约束 (可用于任何地方)

  • (匿名).T: 无约束 (可用于任何地方)

  • (匿名).T: 无约束 (可用于任何地方)

  • (匿名).S: 满足 StrConsumer + Sized
    可以用于需要以下任一约束的地方:
      - StrConsumer
      - Sized

  • (匿名).T: 无约束 (可用于任何地方)

  • (匿名).E: 满足 Engine
    可以用于需要以下任一约束的地方:
      - Engine

  • (匿名).S: 满足 StrConsumer
    可以用于需要以下任一约束的地方:
      - StrConsumer

  • decode_engine_slice.E: 满足 Engine
    可以用于需要以下任一约束的地方:
      - Engine

  • decode_engine_slice.T: 满足 AsRef
    可以用于需要以下任一约束的地方:
      - AsRef

  • (匿名).E: 满足 Engine
    可以用于需要以下任一约束的地方:
      - Engine

  • (匿名).R: 满足 io::Read
    可以用于需要以下任一约束的地方:
      - io::Read

  • (匿名).T: 无约束 (可用于任何地方)

  • (匿名).E: 无约束 (可用于任何地方)

  • (匿名).T: 无约束 (可用于任何地方)

  • (匿名).U: 无约束 (可用于任何地方)

  • (匿名).T: 无约束 (可用于任何地方)

  • (匿名).T: 无约束 (可用于任何地方)

  • (匿名).U: 无约束 (可用于任何地方)

  • (匿名).T: 无约束 (可用于任何地方)

  • (匿名).U: 无约束 (可用于任何地方)

  • (匿名).T: 无约束 (可用于任何地方)

  • (匿名).E: 无约束 (可用于任何地方)

  • (匿名).T: 无约束 (可用于任何地方)

  • (匿名).T: 无约束 (可用于任何地方)

  • (匿名).E: 满足 Engine
    可以用于需要以下任一约束的地方:
      - Engine

  • encode.T: 满足 AsRef
    可以用于需要以下任一约束的地方:
      - AsRef

  • (匿名).T: 无约束 (可用于任何地方)

  • (匿名).U: 无约束 (可用于任何地方)

  • (匿名).E: 无约束 (可用于任何地方)

  • (匿名).R: 无约束 (可用于任何地方)

  • (匿名).T: 无约束 (可用于任何地方)

  • (匿名).U: 无约束 (可用于任何地方)

  • (匿名).T: 无约束 (可用于任何地方)

  • (匿名).E: 无约束 (可用于任何地方)

  • (匿名).W: 无约束 (可用于任何地方)

  • (匿名).T: 无约束 (可用于任何地方)

  • (匿名).U: 无约束 (可用于任何地方)

  • (匿名).T: 无约束 (可用于任何地方)

  • (匿名).U: 无约束 (可用于任何地方)

  • (匿名).T: 无约束 (可用于任何地方)

  • (匿名).T: 无约束 (可用于任何地方)

  • (匿名).U: 无约束 (可用于任何地方)

  • (匿名).T: 无约束 (可用于任何地方)

  • (匿名).U: 无约束 (可用于任何地方)

  • (匿名).T: 无约束 (可用于任何地方)

  • (匿名).E: 无约束 (可用于任何地方)

  • (匿名).R: 无约束 (可用于任何地方)

  • (匿名).T: 无约束 (可用于任何地方)

  • (匿名).T: 无约束 (可用于任何地方)

  • (匿名).T: 无约束 (可用于任何地方)

  • (匿名).E: 满足 Engine
    可以用于需要以下任一约束的地方:
      - Engine

  • (匿名).T: 无约束 (可用于任何地方)

  • (匿名).E: 满足 Engine
    可以用于需要以下任一约束的地方:
      - Engine

  • (匿名).R: 满足 io::Read
    可以用于需要以下任一约束的地方:
      - io::Read

  • (匿名).T: 无约束 (可用于任何地方)

  • decode.T: 满足 AsRef
    可以用于需要以下任一约束的地方:
      - AsRef

  • (匿名).T: 无约束 (可用于任何地方)

  • (匿名).U: 无约束 (可用于任何地方)

  • (匿名).E: 满足 Engine
    可以用于需要以下任一约束的地方:
      - Engine

  • (匿名).W: 满足 io::Write
    可以用于需要以下任一约束的地方:
      - io::Write

  • (匿名).T: 无约束 (可用于任何地方)

  • (匿名).U: 无约束 (可用于任何地方)

  • (匿名).E: 满足 Engine
    可以用于需要以下任一约束的地方:
      - Engine

  • (匿名).T: 无约束 (可用于任何地方)

  • (匿名).U: 无约束 (可用于任何地方)

  • (匿名).T: 无约束 (可用于任何地方)

  • (匿名).U: 无约束 (可用于任何地方)

  • (匿名).T: 无约束 (可用于任何地方)

  • (匿名).E: 无约束 (可用于任何地方)

  • (匿名).R: 无约束 (可用于任何地方)

  • (匿名).T: 无约束 (可用于任何地方)

  • (匿名).T: 无约束 (可用于任何地方)

  • (匿名).U: 无约束 (可用于任何地方)

  • encode_slice.T: 满足 AsRef
    可以用于需要以下任一约束的地方:
      - AsRef

  • (匿名).T: 无约束 (可用于任何地方)

  • (匿名).T: 无约束 (可用于任何地方)

  • (匿名).T: 无约束 (可用于任何地方)

  • (匿名).E: 无约束 (可用于任何地方)

📈 约束层级关系:

  说明: 如果 T: A，且 A: B，那么 T 也满足 B (传递性)

  Trait 继承关系:

    Engine: ["Send", "Sync"]

⚖️  同级别约束分析:

  说明: 满足相同约束集合的泛型被视为同级别

  约束集合: io::Read
  满足该约束的泛型 (共 4 个):
    • DecoderReader.R
    • (匿名).R
    • (匿名).R
    • (匿名).R

  约束集合: StrConsumer
  满足该约束的泛型 (共 3 个):
    • EncoderStringWriter.S
    • (匿名).S
    • (匿名).S

  约束集合: AsRef
  满足该约束的泛型 (共 15 个):
    • decode_slice.T
    • encode_engine_slice.T
    • encode_engine.T
    • decode_engine.T
    • decode_slice_unchecked.T
    • encode_engine_string.T
    • decode_vec.T
    • encode_string.T
    • decode.T
    • encode.T
    • decode_engine_vec.T
    • decode_engine_slice.T
    • encode.T
    • decode.T
    • encode_slice.T

  约束集合: Engine
  满足该约束的泛型 (共 22 个):
    • Base64Display.E
    • EncoderWriter.E
    • DecoderReader.E
    • EncoderStringWriter.E
    • encode_engine_slice.E
    • encode_engine.E
    • decode_engine.E
    • (匿名).E
    • encode_engine_string.E
    • (匿名).E
    • (匿名).E
    • (匿名).E
    • (匿名).E
    • decode_engine_vec.E
    • (匿名).E
    • decode_engine_slice.E
    • (匿名).E
    • (匿名).E
    • (匿名).E
    • (匿名).E
    • (匿名).E
    • (匿名).E

  约束集合: io::Write
  满足该约束的泛型 (共 5 个):
    • EncoderWriter.W
    • (匿名).W
    • (匿名).W
    • (匿名).W
    • (匿名).W

  约束集合: 
  满足该约束的泛型 (共 191 个):
    • (匿名).T
    • (匿名).E
    • (匿名).W
    • (匿名).T
    • (匿名).U
    • (匿名).T
    • (匿名).T
    • (匿名).U
    • (匿名).T
    • (匿名).T
    • (匿名).U
    • (匿名).T
    • (匿名).E
    • (匿名).S
    • (匿名).T
    • (匿名).T
    • (匿名).U
    • (匿名).E
    • (匿名).S
    • (匿名).T
    • (匿名).U
    • (匿名).T
    • (匿名).U
    • (匿名).T
    • (匿名).T
    • (匿名).T
    • (匿名).U
    • (匿名).T
    • (匿名).T
    • (匿名).T
    • (匿名).T
    • (匿名).T
    • (匿名).E
    • (匿名).T
    • (匿名).T
    • (匿名).T
    • (匿名).T
    • (匿名).U
    • (匿名).E
    • (匿名).S
    • (匿名).E
    • (匿名).W
    • (匿名).T
    • (匿名).U
    • (匿名).E
    • (匿名).S
    • (匿名).T
    • (匿名).U
    • (匿名).E
    • (匿名).W
    • (匿名).E
    • (匿名).T
    • (匿名).U
    • (匿名).E
    • (匿名).R
    • (匿名).E
    • (匿名).R
    • (匿名).T
    • (匿名).T
    • (匿名).T
    • (匿名).T
    • (匿名).T
    • (匿名).U
    • (匿名).T
    • (匿名).T
    • (匿名).T
    • (匿名).U
    • (匿名).T
    • (匿名).T
    • (匿名).U
    • (匿名).T
    • (匿名).U
    • (匿名).T
    • (匿名).U
    • (匿名).T
    • (匿名).T
    • (匿名).T
    • (匿名).E
    • (匿名).R
    • (匿名).T
    • (匿名).T
    • (匿名).T
    • (匿名).U
    • (匿名).T
    • (匿名).T
    • (匿名).T
    • (匿名).U
    • (匿名).T
    • (匿名).T
    • (匿名).T
    • (匿名).T
    • (匿名).T
    • (匿名).E
    • (匿名).W
    • (匿名).E
    • (匿名).W
    • (匿名).T
    • (匿名).U
    • (匿名).E
    • (匿名).S
    • (匿名).T
    • (匿名).U
    • (匿名).T
    • (匿名).T
    • (匿名).U
    • (匿名).T
    • (匿名).T
    • (匿名).T
    • (匿名).T
    • (匿名).T
    • (匿名).T
    • (匿名).T
    • (匿名).T
    • (匿名).T
    • (匿名).U
    • (匿名).E
    • (匿名).S
    • (匿名).T
    • (匿名).U
    • (匿名).T
    • (匿名).U
    • (匿名).T
    • (匿名).T
    • (匿名).E
    • (匿名).T
    • (匿名).T
    • (匿名).T
    • (匿名).T
    • (匿名).U
    • (匿名).T
    • (匿名).T
    • (匿名).T
    • (匿名).T
    • (匿名).T
    • (匿名).T
    • (匿名).E
    • (匿名).T
    • (匿名).U
    • (匿名).T
    • (匿名).T
    • (匿名).U
    • (匿名).T
    • (匿名).U
    • (匿名).T
    • (匿名).E
    • (匿名).T
    • (匿名).T
    • (匿名).T
    • (匿名).U
    • (匿名).E
    • (匿名).R
    • (匿名).T
    • (匿名).U
    • (匿名).T
    • (匿名).E
    • (匿名).W
    • (匿名).T
    • (匿名).U
    • (匿名).T
    • (匿名).U
    • (匿名).T
    • (匿名).T
    • (匿名).U
    • (匿名).T
    • (匿名).U
    • (匿名).T
    • (匿名).E
    • (匿名).R
    • (匿名).T
    • (匿名).T
    • (匿名).T
    • (匿名).T
    • (匿名).T
    • (匿名).T
    • (匿名).U
    • (匿名).T
    • (匿名).U
    • (匿名).T
    • (匿名).U
    • (匿名).T
    • (匿名).U
    • (匿名).T
    • (匿名).E
    • (匿名).R
    • (匿名).T
    • (匿名).T
    • (匿名).U
    • (匿名).T
    • (匿名).T
    • (匿名).T
    • (匿名).E

🔧 Rust 默认 Trait 说明:

  以下 trait 由 Rust 编译器自动实现（如果类型满足条件）:

    • Sized
    • UnwindSafe
    • Sync
    • Unpin
    • Ord
    • Hash
    • RefUnwindSafe
    • Send
    • PartialOrd
    • Clone
    • PartialEq
    • Debug
    • Default
    • Drop
    • Copy
    • Display
    • Eq

  注意: 这些 trait 可能不会在约束中显式出现，但类型可能自动满足它们

================================================================================

