[INFO] 开始解析 rustdoc JSON: base64.json
[INFO] Creating TypeNode: TraitObject(Id(260)) (ID/Name: DecodeEstimate)
[INFO] Creating TypeNode: Struct(Id(101)) (ID/Name: EncoderWriter)
[INFO] Creating TypeNode: Enum(Id(332)) (ID/Name: ParseAlphabetError)
[INFO] Creating TypeNode: Struct(Id(66)) (ID/Name: DecoderReader)
[INFO] Creating TypeNode: Struct(Id(169)) (ID/Name: GeneralPurpose)
[INFO] Creating TypeNode: Struct(Id(132)) (ID/Name: EncoderStringWriter)
[INFO] Creating TypeNode: Struct(Id(172)) (ID/Name: GeneralPurposeConfig)
[INFO] Creating TypeNode: Enum(Id(269)) (ID/Name: DecodeError)
[INFO] Creating TypeNode: Struct(Id(170)) (ID/Name: Alphabet)
[INFO] Creating TypeNode: TraitObject(Id(4)) (ID/Name: Engine)
[INFO] Creating TypeNode: TraitObject(Id(242)) (ID/Name: Config)
[INFO] Creating TypeNode: Struct(Id(3)) (ID/Name: Base64Display)
[INFO] Creating TypeNode: Struct(Id(309)) (ID/Name: DecodeMetadata)
[INFO] Creating TypeNode: TraitObject(Id(131)) (ID/Name: StrConsumer)
[INFO] Creating TypeNode: Enum(Id(274)) (ID/Name: DecodeSliceError)
[INFO] Creating TypeNode: Enum(Id(214)) (ID/Name: DecodePaddingMode)
[INFO] Creating TypeNode: Enum(Id(266)) (ID/Name: EncodeSliceError)
[INFO] Creating OpNode: consume (Kind: FnCall, ID: Id(155))
[INFO] Creating OpNode: encode_engine (Kind: FnCall, ID: Id(398))
[INFO] Creating OpNode: decode_slice_unchecked (Kind: FnCall, ID: Id(272))
[INFO] Creating OpNode: read (Kind: FnCall, ID: Id(88))
[INFO] Creating OpNode: new (Kind: FnCall, ID: Id(68))
[INFO] Creating OpNode: new (Kind: FnCall, ID: Id(210))
[INFO] Creating OpNode: encode (Kind: FnCall, ID: Id(262))
[INFO] Creating OpNode: new (Kind: FnCall, ID: Id(136))
[INFO] Creating OpNode: new (Kind: FnCall, ID: Id(331))
[INFO] Creating OpNode: encoded_len (Kind: FnCall, ID: Id(401))
[INFO] Creating OpNode: into_inner (Kind: FnCall, ID: Id(69))
[INFO] Creating OpNode: decode (Kind: FnCall, ID: Id(267))
[INFO] Creating OpNode: with_decode_allow_trailing_bits (Kind: FnCall, ID: Id(212))
[INFO] Creating OpNode: decode_slice (Kind: FnCall, ID: Id(273))
[INFO] Creating OpNode: decode_engine (Kind: FnCall, ID: Id(502))
[INFO] Creating OpNode: encode_engine_slice (Kind: FnCall, ID: Id(400))
[INFO] Creating OpNode: finish (Kind: FnCall, ID: Id(104))
[INFO] Creating OpNode: into_inner (Kind: FnCall, ID: Id(105))
[INFO] Creating OpNode: decode_engine_vec (Kind: FnCall, ID: Id(503))
[INFO] Creating OpNode: decoded_len_estimate (Kind: FnCall, ID: Id(276))
[INFO] Creating OpNode: config (Kind: FnCall, ID: Id(203))
[INFO] Creating OpNode: config (Kind: FnCall, ID: Id(261))
[INFO] Creating OpNode: decode_engine_slice (Kind: FnCall, ID: Id(504))
[INFO] Creating OpNode: decode_vec (Kind: FnCall, ID: Id(270))
[INFO] Creating OpNode: encode_engine_string (Kind: FnCall, ID: Id(399))
[INFO] Creating OpNode: source (Kind: FnCall, ID: Id(499))
[INFO] Creating OpNode: new (Kind: FnCall, ID: Id(103))
[INFO] Creating OpNode: encode_string (Kind: FnCall, ID: Id(264))
[INFO] Creating OpNode: encode (Kind: FnCall, ID: Id(397))
[INFO] Creating OpNode: write (Kind: FnCall, ID: Id(122))
[INFO] Creating OpNode: clone_to_uninit (Kind: FnCall, ID: Id(182))
[INFO] Creating OpNode: into_inner (Kind: FnCall, ID: Id(134))
[INFO] Creating OpNode: decode (Kind: FnCall, ID: Id(501))
[INFO] Creating OpNode: to_string (Kind: FnCall, ID: Id(46))
[INFO] Creating OpNode: from_consumer (Kind: FnCall, ID: Id(133))
[INFO] Creating OpNode: encode_slice (Kind: FnCall, ID: Id(265))
[INFO] Creating OpNode: new (Kind: FnCall, ID: Id(171))
[INFO] Creating OpNode: encode_padding (Kind: FnCall, ID: Id(275))
[INFO] Creating OpNode: write (Kind: FnCall, ID: Id(151))
[INFO] Creating OpNode: consume (Kind: FnCall, ID: Id(154))
[INFO] Creating OpNode: consume (Kind: FnCall, ID: Id(157))
[INFO] Creating OpNode: new (Kind: FnCall, ID: Id(5))
[INFO] Creating OpNode: encode_padding (Kind: FnCall, ID: Id(240))
[INFO] Creating OpNode: with_decode_padding_mode (Kind: FnCall, ID: Id(213))
[INFO] Creating OpNode: flush (Kind: FnCall, ID: Id(152))
[INFO] Creating OpNode: with_encode_padding (Kind: FnCall, ID: Id(211))
[INFO] Creating OpNode: flush (Kind: FnCall, ID: Id(124))
[INFO] Creating OpNode: decoded_len_estimate (Kind: FnCall, ID: Id(271))
[INFO] Creating OpNode: as_str (Kind: FnCall, ID: Id(333))
[INFO] Creating OpNode: ParseAlphabetError::InvalidLength (Kind: VariantCtor { enum_id: Id(332), variant_name: "InvalidLength" }, ID: Id(361))
[INFO] Creating OpNode: ParseAlphabetError::DuplicatedByte (Kind: VariantCtor { enum_id: Id(332), variant_name: "DuplicatedByte" }, ID: Id(363))
[INFO] Creating OpNode: ParseAlphabetError::UnprintableByte (Kind: VariantCtor { enum_id: Id(332), variant_name: "UnprintableByte" }, ID: Id(365))
[INFO] Creating OpNode: ParseAlphabetError::ReservedByte (Kind: VariantCtor { enum_id: Id(332), variant_name: "ReservedByte" }, ID: Id(367))
[INFO] Creating OpNode: DecodeError::InvalidByte (Kind: VariantCtor { enum_id: Id(269), variant_name: "InvalidByte" }, ID: Id(434))
[INFO] Creating OpNode: DecodeError::InvalidLength (Kind: VariantCtor { enum_id: Id(269), variant_name: "InvalidLength" }, ID: Id(436))
[INFO] Creating OpNode: DecodeError::InvalidLastSymbol (Kind: VariantCtor { enum_id: Id(269), variant_name: "InvalidLastSymbol" }, ID: Id(439))
[INFO] Creating OpNode: DecodeError::InvalidPadding (Kind: VariantCtor { enum_id: Id(269), variant_name: "InvalidPadding" }, ID: Id(440))
[INFO] Creating OpNode: DecodeSliceError::DecodeError (Kind: VariantCtor { enum_id: Id(274), variant_name: "DecodeError" }, ID: Id(471))
[INFO] Creating OpNode: DecodeSliceError::OutputSliceTooSmall (Kind: VariantCtor { enum_id: Id(274), variant_name: "OutputSliceTooSmall" }, ID: Id(472))
[INFO] Creating OpNode: DecodePaddingMode::Indifferent (Kind: VariantCtor { enum_id: Id(214), variant_name: "Indifferent" }, ID: Id(277))
[INFO] Creating OpNode: DecodePaddingMode::RequireCanonical (Kind: VariantCtor { enum_id: Id(214), variant_name: "RequireCanonical" }, ID: Id(278))
[INFO] Creating OpNode: DecodePaddingMode::RequireNone (Kind: VariantCtor { enum_id: Id(214), variant_name: "RequireNone" }, ID: Id(279))
[INFO] Creating OpNode: EncodeSliceError::OutputSliceTooSmall (Kind: VariantCtor { enum_id: Id(266), variant_name: "OutputSliceTooSmall" }, ID: Id(403))
[INFO] Creating OpNode: borrow_mut (Kind: MethodCall { self_type: Struct(Id(332)) }, ID: Id(23))
[INFO] Creating OpNode: to_owned (Kind: MethodCall { self_type: Struct(Id(266)) }, ID: Id(192))
[INFO] Creating OpNode: clone_into (Kind: MethodCall { self_type: Struct(Id(266)) }, ID: Id(193))
[INFO] Creating OpNode: clone_to_uninit (Kind: MethodCall { self_type: Struct(Id(214)) }, ID: Id(182))
[INFO] Creating OpNode: write (Kind: MethodCall { self_type: Struct(Id(132)) }, ID: Id(151))
[INFO] Creating OpNode: flush (Kind: MethodCall { self_type: Struct(Id(132)) }, ID: Id(152))
[INFO] Creating OpNode: clone_to_uninit (Kind: MethodCall { self_type: Struct(Id(274)) }, ID: Id(182))
[INFO] Creating OpNode: new (Kind: AssocFn { assoc_type: Id(3) }, ID: Id(5))
[INFO] Creating OpNode: new (Kind: AssocFn { assoc_type: Id(101) }, ID: Id(103))
[INFO] Creating OpNode: finish (Kind: MethodCall { self_type: Struct(Id(101)) }, ID: Id(104))
[INFO] Creating OpNode: into_inner (Kind: MethodCall { self_type: Struct(Id(101)) }, ID: Id(105))
[INFO] Creating OpNode: from_consumer (Kind: AssocFn { assoc_type: Id(132) }, ID: Id(133))
[INFO] Creating OpNode: into_inner (Kind: MethodCall { self_type: Struct(Id(132)) }, ID: Id(134))
[INFO] Creating OpNode: borrow_mut (Kind: MethodCall { self_type: Struct(Id(172)) }, ID: Id(23))
[INFO] Creating OpNode: new (Kind: AssocFn { assoc_type: Id(132) }, ID: Id(136))
[INFO] Creating OpNode: to_owned (Kind: MethodCall { self_type: Struct(Id(214)) }, ID: Id(192))
[INFO] Creating OpNode: clone_into (Kind: MethodCall { self_type: Struct(Id(214)) }, ID: Id(193))
[INFO] Creating OpNode: to_owned (Kind: MethodCall { self_type: Struct(Id(169)) }, ID: Id(192))
[INFO] Creating OpNode: clone_into (Kind: MethodCall { self_type: Struct(Id(169)) }, ID: Id(193))
[INFO] Creating OpNode: clone_to_uninit (Kind: MethodCall { self_type: Struct(Id(169)) }, ID: Id(182))
[INFO] Creating OpNode: clone_to_uninit (Kind: MethodCall { self_type: Struct(Id(170)) }, ID: Id(182))
[INFO] Creating OpNode: new (Kind: AssocFn { assoc_type: Id(172) }, ID: Id(210))
[INFO] Creating OpNode: with_encode_padding (Kind: MethodCall { self_type: Struct(Id(172)) }, ID: Id(211))
[INFO] Creating OpNode: with_decode_allow_trailing_bits (Kind: MethodCall { self_type: Struct(Id(172)) }, ID: Id(212))
[INFO] Creating OpNode: with_decode_padding_mode (Kind: MethodCall { self_type: Struct(Id(172)) }, ID: Id(213))
[INFO] Creating OpNode: to_owned (Kind: MethodCall { self_type: Struct(Id(269)) }, ID: Id(192))
[INFO] Creating OpNode: clone_into (Kind: MethodCall { self_type: Struct(Id(269)) }, ID: Id(193))
[INFO] Creating OpNode: to_string (Kind: MethodCall { self_type: Struct(Id(332)) }, ID: Id(46))
[INFO] Creating OpNode: clone_to_uninit (Kind: MethodCall { self_type: Struct(Id(172)) }, ID: Id(182))
[INFO] Creating OpNode: write (Kind: MethodCall { self_type: Struct(Id(101)) }, ID: Id(122))
[INFO] Creating OpNode: flush (Kind: MethodCall { self_type: Struct(Id(101)) }, ID: Id(124))
[INFO] Creating OpNode: borrow_mut (Kind: MethodCall { self_type: Struct(Id(132)) }, ID: Id(23))
[INFO] Creating OpNode: to_string (Kind: MethodCall { self_type: Struct(Id(3)) }, ID: Id(46))
[INFO] Creating OpNode: borrow_mut (Kind: MethodCall { self_type: Struct(Id(269)) }, ID: Id(23))
[INFO] Creating OpNode: borrow_mut (Kind: MethodCall { self_type: Struct(Id(309)) }, ID: Id(23))
[INFO] Creating OpNode: to_string (Kind: MethodCall { self_type: Struct(Id(274)) }, ID: Id(46))
[INFO] Creating OpNode: borrow_mut (Kind: MethodCall { self_type: Struct(Id(169)) }, ID: Id(23))
[INFO] Creating OpNode: to_string (Kind: MethodCall { self_type: Struct(Id(266)) }, ID: Id(46))
[INFO] Creating OpNode: borrow_mut (Kind: MethodCall { self_type: Struct(Id(170)) }, ID: Id(23))
[INFO] Creating OpNode: clone_to_uninit (Kind: MethodCall { self_type: Struct(Id(269)) }, ID: Id(182))
[INFO] Creating OpNode: source (Kind: MethodCall { self_type: Struct(Id(274)) }, ID: Id(499))
[INFO] Creating OpNode: config (Kind: MethodCall { self_type: Struct(Id(169)) }, ID: Id(203))
[INFO] Creating OpNode: new (Kind: AssocFn { assoc_type: Id(169) }, ID: Id(171))
[INFO] Creating OpNode: encode_padding (Kind: MethodCall { self_type: Struct(Id(172)) }, ID: Id(240))
[INFO] Creating OpNode: borrow_mut (Kind: MethodCall { self_type: Struct(Id(214)) }, ID: Id(23))
[INFO] Creating OpNode: consume (Kind: MethodCall { self_type: Struct(Id(47)) }, ID: Id(157))
[INFO] Creating OpNode: new (Kind: AssocFn { assoc_type: Id(170) }, ID: Id(331))
[INFO] Creating OpNode: as_str (Kind: MethodCall { self_type: Struct(Id(170)) }, ID: Id(333))
[INFO] Creating OpNode: borrow_mut (Kind: MethodCall { self_type: Struct(Id(274)) }, ID: Id(23))
[INFO] Creating OpNode: new (Kind: AssocFn { assoc_type: Id(66) }, ID: Id(68))
[INFO] Creating OpNode: into_inner (Kind: MethodCall { self_type: Struct(Id(66)) }, ID: Id(69))
[INFO] Creating OpNode: to_owned (Kind: MethodCall { self_type: Struct(Id(274)) }, ID: Id(192))
[INFO] Creating OpNode: clone_into (Kind: MethodCall { self_type: Struct(Id(274)) }, ID: Id(193))
[INFO] Creating OpNode: borrow_mut (Kind: MethodCall { self_type: Struct(Id(266)) }, ID: Id(23))
[INFO] Creating OpNode: borrow_mut (Kind: MethodCall { self_type: Struct(Id(66)) }, ID: Id(23))
[INFO] Creating OpNode: to_owned (Kind: MethodCall { self_type: Struct(Id(172)) }, ID: Id(192))
[INFO] Creating OpNode: clone_into (Kind: MethodCall { self_type: Struct(Id(172)) }, ID: Id(193))
[INFO] Creating OpNode: to_string (Kind: MethodCall { self_type: Struct(Id(269)) }, ID: Id(46))
[INFO] Creating OpNode: borrow_mut (Kind: MethodCall { self_type: Struct(Id(101)) }, ID: Id(23))
[INFO] Creating OpNode: to_owned (Kind: MethodCall { self_type: Struct(Id(170)) }, ID: Id(192))
[INFO] Creating OpNode: clone_into (Kind: MethodCall { self_type: Struct(Id(170)) }, ID: Id(193))
[INFO] Creating OpNode: borrow_mut (Kind: MethodCall { self_type: Struct(Id(3)) }, ID: Id(23))
[INFO] Creating OpNode: read (Kind: MethodCall { self_type: Struct(Id(66)) }, ID: Id(88))
[INFO] Creating OpNode: clone_to_uninit (Kind: MethodCall { self_type: Struct(Id(266)) }, ID: Id(182))
