📋 Rust 类型清单

📦 Struct 类型 (共 8 个):

  • Alphabet (ID: Id(170))
  • GeneralPurpose (ID: Id(169))
  • EncoderWriter (ID: Id(101))
    泛型参数: <''e, E: Engine, W: io::Write>
  • DecoderReader (ID: Id(66))
    泛型参数: <''e, E: Engine, R: io::Read>
  • GeneralPurposeConfig (ID: Id(172))
  • EncoderStringWriter (ID: Id(132))
    泛型参数: <''e, E: Engine, S: StrConsumer>
  • Base64Display (ID: Id(3))
    泛型参数: <''a, ''e, E: Engine>
  • DecodeMetadata (ID: Id(303))

🔢 Enum 类型 (共 5 个):

  • EncodeSliceError (ID: Id(260))
  • ParseAlphabetError (ID: Id(326))
  • DecodePaddingMode (ID: Id(214))
  • DecodeSliceError (ID: Id(268))
  • DecodeError (ID: Id(263))

🎯 Trait 类型 (共 4 个):

  • DecodeEstimate (ID: Id(254))
  • Config (ID: Id(242))
  • Engine (ID: Id(4))
  • StrConsumer (ID: Id(131))

🔀 Variant 类型 (共 14 个):

  • DecodeError (ID: Id(465))
  • ReservedByte (ID: Id(361))
  • InvalidLength (ID: Id(430))
  • Indifferent (ID: Id(271))
  • InvalidLength (ID: Id(355))
  • InvalidLastSymbol (ID: Id(433))
  • RequireNone (ID: Id(273))
  • UnprintableByte (ID: Id(359))
  • InvalidByte (ID: Id(428))
  • DuplicatedByte (ID: Id(357))
  • OutputSliceTooSmall (ID: Id(397))
  • RequireCanonical (ID: Id(272))
  • OutputSliceTooSmall (ID: Id(466))
  • InvalidPadding (ID: Id(434))

🔧 泛型参数 (共 6 个):

  • E: Engine (Owner ID: [Id(4)])
    约束: : Engine
  • W: [Id(102)] (Owner ID: [Id(102)])
    约束: : [Id(102)]
  • S: StrConsumer (Owner ID: [Id(131)])
    约束: : StrConsumer
  • S: StrConsumer (Owner ID: [Id(21), Id(131)])
    约束: : StrConsumer
  • T: [Id(257)] (Owner ID: [Id(257)])
    约束: : [Id(257)]
  • R: [Id(67)] (Owner ID: [Id(67)])
    约束: : [Id(67)]

📝 其他类型 (共 411 个):

  • clone (ID: Id(451))
  • (匿名) (ID: Id(450))
  • (匿名) (ID: Id(342))
  • decode_engine_slice (ID: Id(498))
  • fmt (ID: Id(196))
  • (匿名) (ID: Id(285))
  • (匿名) (ID: Id(308))
  • (匿名) (ID: Id(449))
  • (匿名) (ID: Id(518))
  • clone (ID: Id(414))
  • (匿名) (ID: Id(486))
  • (匿名) (ID: Id(322))
  • (匿名) (ID: Id(384))
  • Config (ID: Id(252))
  • (匿名) (ID: Id(404))
  • (匿名) (ID: Id(448))
  • (匿名) (ID: Id(515))
  • (匿名) (ID: Id(176))
  • (匿名) (ID: Id(297))
  • (匿名) (ID: Id(183))
  • PAD (ID: Id(208))
  • clone_to_uninit (ID: Id(182))
  • (匿名) (ID: Id(204))
  • (匿名) (ID: Id(479))
  • 0 (ID: Id(358))
  • (匿名) (ID: Id(274))
  • (匿名) (ID: Id(230))
  • consume (ID: Id(154))
  • (匿名) (ID: Id(72))
  • (匿名) (ID: Id(337))
  • type_id (ID: Id(42))
  • (匿名) (ID: Id(471))
  • decode (ID: Id(495))
  • (匿名) (ID: Id(312))
  • (匿名) (ID: Id(482))
  • (匿名) (ID: Id(307))
  • eq (ID: Id(456))
  • (匿名) (ID: Id(418))
  • (匿名) (ID: Id(106))
  • (匿名) (ID: Id(374))
  • (匿名) (ID: Id(146))
  • (匿名) (ID: Id(290))
  • clone (ID: Id(289))
  • STANDARD_NO_PAD (ID: Id(245))
  • clone_into (ID: Id(193))
  • (匿名) (ID: Id(310))
  • (匿名) (ID: Id(187))
  • engine (ID: Id(323))
  • decode_vec (ID: Id(264))
  • (匿名) (ID: Id(381))
  • (匿名) (ID: Id(438))
  • (匿名) (ID: Id(420))
  • 1 (ID: Id(432))
  • (匿名) (ID: Id(501))
  • (匿名) (ID: Id(31))
  • (匿名) (ID: Id(517))
  • (匿名) (ID: Id(340))
  • (匿名) (ID: Id(162))
  • (匿名) (ID: Id(143))
  • (匿名) (ID: Id(86))
  • 1 (ID: Id(427))
  • (匿名) (ID: Id(408))
  • (匿名) (ID: Id(278))
  • (匿名) (ID: Id(461))
  • try_from (ID: Id(353))
  • fmt (ID: Id(120))
  • (匿名) (ID: Id(402))
  • (匿名) (ID: Id(113))
  • (匿名) (ID: Id(460))
  • fmt (ID: Id(416))
  • (匿名) (ID: Id(378))
  • (匿名) (ID: Id(127))
  • (匿名) (ID: Id(379))
  • consume (ID: Id(155))
  • (匿名) (ID: Id(367))
  • decode_engine (ID: Id(496))
  • fmt (ID: Id(459))
  • DecodeEstimate (ID: Id(253))
  • fmt (ID: Id(453))
  • (匿名) (ID: Id(423))
  • (匿名) (ID: Id(174))
  • (匿名) (ID: Id(241))
  • (匿名) (ID: Id(369))
  • (匿名) (ID: Id(111))
  • (匿名) (ID: Id(287))
  • (匿名) (ID: Id(363))
  • new (ID: Id(68))
  • encode_engine (ID: Id(392))
  • (匿名) (ID: Id(362))
  • (匿名) (ID: Id(336))
  • (匿名) (ID: Id(142))
  • (匿名) (ID: Id(399))
  • (匿名) (ID: Id(280))
  • (匿名) (ID: Id(73))
  • (匿名) (ID: Id(444))
  • (匿名) (ID: Id(487))
  • (匿名) (ID: Id(405))
  • (匿名) (ID: Id(507))
  • (匿名) (ID: Id(354))
  • URL_SAFE (ID: Id(246))
  • (匿名) (ID: Id(511))
  • (匿名) (ID: Id(282))
  • (匿名) (ID: Id(15))
  • prelude (ID: Id(505))
  • (匿名) (ID: Id(108))
  • eq (ID: Id(380))
  • (匿名) (ID: Id(494))
  • drop (ID: Id(126))
  • (匿名) (ID: Id(439))
  • fmt (ID: Id(346))
  • with_decode_allow_trailing_bits (ID: Id(212))
  • (匿名) (ID: Id(74))
  • new (ID: Id(171))
  • into_inner (ID: Id(69))
  • (匿名) (ID: Id(70))
  • read (ID: Id(93))
  • (匿名) (ID: Id(445))
  • (匿名) (ID: Id(135))
  • (匿名) (ID: Id(81))
  • config (ID: Id(203))
  • (匿名) (ID: Id(335))
  • (匿名) (ID: Id(299))
  • (匿名) (ID: Id(315))
  • (匿名) (ID: Id(144))
  • encode_engine_slice (ID: Id(394))
  • (匿名) (ID: Id(313))
  • NO_PAD (ID: Id(209))
  • encode_string (ID: Id(258))
  • (匿名) (ID: Id(276))
  • STANDARD (ID: Id(243))
  • (匿名) (ID: Id(275))
  • borrow (ID: Id(19))
  • (匿名) (ID: Id(446))
  • (匿名) (ID: Id(217))
  • (匿名) (ID: Id(194))
  • (匿名) (ID: Id(147))
  • (匿名) (ID: Id(294))
  • (匿名) (ID: Id(368))
  • (匿名) (ID: Id(13))
  • (匿名) (ID: Id(442))
  • (匿名) (ID: Id(477))
  • (匿名) (ID: Id(490))
  • eq (ID: Id(488))
  • with_encode_padding (ID: Id(211))
  • write (ID: Id(151))
  • 0 (ID: Id(464))
  • (匿名) (ID: Id(411))
  • (匿名) (ID: Id(288))
  • (匿名) (ID: Id(513))
  • fmt (ID: Id(235))
  • new (ID: Id(136))
  • fmt (ID: Id(485))
  • (匿名) (ID: Id(283))
  • encode_padding (ID: Id(240))
  • new (ID: Id(5))
  • Error (ID: Id(32))
  • (匿名) (ID: Id(410))
  • (匿名) (ID: Id(156))
  • (匿名) (ID: Id(332))
  • base64 (ID: Id(520))
  • (匿名) (ID: Id(223))
  • (匿名) (ID: Id(478))
  • into (ID: Id(27))
  • (匿名) (ID: Id(148))
  • (匿名) (ID: Id(509))
  • flush (ID: Id(152))
  • (匿名) (ID: Id(492))
  • (匿名) (ID: Id(199))
  • consume (ID: Id(157))
  • eq (ID: Id(350))
  • from (ID: Id(30))
  • (匿名) (ID: Id(409))
  • eq (ID: Id(318))
  • clone (ID: Id(344))
  • 0 (ID: Id(356))
  • as_str (ID: Id(327))
  • (匿名) (ID: Id(279))
  • (匿名) (ID: Id(457))
  • try_into (ID: Id(34))
  • (匿名) (ID: Id(24))
  • (匿名) (ID: Id(36))
  • (匿名) (ID: Id(158))
  • (匿名) (ID: Id(188))
  • fmt (ID: Id(382))
  • 0 (ID: Id(429))
  • decode (ID: Id(261))
  • (匿名) (ID: Id(190))
  • (匿名) (ID: Id(330))
  • (匿名) (ID: Id(77))
  • (匿名) (ID: Id(377))
  • (匿名) (ID: Id(371))
  • fmt (ID: Id(84))
  • (匿名) (ID: Id(222))
  • (匿名) (ID: Id(424))
  • decoded_len_estimate (ID: Id(270))
  • (匿名) (ID: Id(309))
  • (匿名) (ID: Id(179))
  • (匿名) (ID: Id(437))
  • (匿名) (ID: Id(118))
  • (匿名) (ID: Id(83))
  • encode (ID: Id(391))
  • (匿名) (ID: Id(305))
  • (匿名) (ID: Id(421))
  • (匿名) (ID: Id(277))
  • flush (ID: Id(124))
  • (匿名) (ID: Id(218))
  • (匿名) (ID: Id(458))
  • BIN_HEX (ID: Id(389))
  • borrow_mut (ID: Id(23))
  • default (ID: Id(237))
  • (匿名) (ID: Id(413))
  • (匿名) (ID: Id(284))
  • (匿名) (ID: Id(71))
  • STANDARD (ID: Id(244))
  • (匿名) (ID: Id(115))
  • (匿名) (ID: Id(441))
  • (匿名) (ID: Id(141))
  • fmt (ID: Id(321))
  • (匿名) (ID: Id(181))
  • (匿名) (ID: Id(329))
  • (匿名) (ID: Id(121))
  • (匿名) (ID: Id(226))
  • (匿名) (ID: Id(470))
  • (匿名) (ID: Id(293))
  • to_string (ID: Id(46))
  • (匿名) (ID: Id(370))
  • (匿名) (ID: Id(319))
  • alphabet (ID: Id(390))
  • (匿名) (ID: Id(224))
  • (匿名) (ID: Id(472))
  • (匿名) (ID: Id(137))
  • read (ID: Id(88))
  • (匿名) (ID: Id(236))
  • encode (ID: Id(256))
  • (匿名) (ID: Id(463))
  • (匿名) (ID: Id(9))
  • (匿名) (ID: Id(281))
  • (匿名) (ID: Id(372))
  • (匿名) (ID: Id(481))
  • new (ID: Id(103))
  • (匿名) (ID: Id(314))
  • eq (ID: Id(296))
  • (匿名) (ID: Id(474))
  • (匿名) (ID: Id(320))
  • (匿名) (ID: Id(11))
  • config (ID: Id(255))
  • (匿名) (ID: Id(178))
  • (匿名) (ID: Id(435))
  • (匿名) (ID: Id(519))
  • (匿名) (ID: Id(114))
  • new (ID: Id(210))
  • CRYPT (ID: Id(386))
  • (匿名) (ID: Id(82))
  • (匿名) (ID: Id(440))
  • new (ID: Id(325))
  • 0 (ID: Id(360))
  • (匿名) (ID: Id(364))
  • (匿名) (ID: Id(351))
  • (匿名) (ID: Id(502))
  • (匿名) (ID: Id(447))
  • (匿名) (ID: Id(90))
  • (匿名) (ID: Id(140))
  • DecodeEstimate (ID: Id(201))
  • (匿名) (ID: Id(375))
  • (匿名) (ID: Id(173))
  • (匿名) (ID: Id(373))
  • encode_padding (ID: Id(269))
  • (匿名) (ID: Id(116))
  • (匿名) (ID: Id(417))
  • (匿名) (ID: Id(516))
  • decode_slice (ID: Id(267))
  • (匿名) (ID: Id(138))
  • (匿名) (ID: Id(489))
  • (匿名) (ID: Id(512))
  • (匿名) (ID: Id(476))
  • (匿名) (ID: Id(145))
  • (匿名) (ID: Id(452))
  • (匿名) (ID: Id(107))
  • (匿名) (ID: Id(232))
  • (匿名) (ID: Id(500))
  • (匿名) (ID: Id(80))
  • (匿名) (ID: Id(79))
  • (匿名) (ID: Id(117))
  • write (ID: Id(163))
  • (匿名) (ID: Id(443))
  • (匿名) (ID: Id(407))
  • clone (ID: Id(483))
  • display (ID: Id(55))
  • (匿名) (ID: Id(227))
  • from (ID: Id(462))
  • (匿名) (ID: Id(44))
  • (匿名) (ID: Id(468))
  • (匿名) (ID: Id(251))
  • fmt (ID: Id(292))
  • (匿名) (ID: Id(514))
  • into_inner (ID: Id(134))
  • (匿名) (ID: Id(436))
  • into_inner (ID: Id(105))
  • finish (ID: Id(104))
  • (匿名) (ID: Id(506))
  • (匿名) (ID: Id(139))
  • fmt (ID: Id(376))
  • (匿名) (ID: Id(220))
  • decode_slice_unchecked (ID: Id(266))
  • (匿名) (ID: Id(503))
  • (匿名) (ID: Id(400))
  • decoded_len_estimate (ID: Id(265))
  • (匿名) (ID: Id(317))
  • (匿名) (ID: Id(343))
  • (匿名) (ID: Id(341))
  • (匿名) (ID: Id(215))
  • fmt (ID: Id(422))
  • clone (ID: Id(198))
  • (匿名) (ID: Id(238))
  • (匿名) (ID: Id(229))
  • (匿名) (ID: Id(20))
  • (匿名) (ID: Id(125))
  • Error (ID: Id(38))
  • source (ID: Id(493))
  • fmt (ID: Id(491))
  • (匿名) (ID: Id(331))
  • (匿名) (ID: Id(469))
  • (匿名) (ID: Id(475))
  • (匿名) (ID: Id(316))
  • (匿名) (ID: Id(401))
  • (匿名) (ID: Id(365))
  • (匿名) (ID: Id(406))
  • (匿名) (ID: Id(110))
  • (匿名) (ID: Id(233))
  • (匿名) (ID: Id(484))
  • (匿名) (ID: Id(180))
  • (匿名) (ID: Id(455))
  • (匿名) (ID: Id(112))
  • URL_SAFE (ID: Id(247))
  • encoded_len (ID: Id(395))
  • (匿名) (ID: Id(250))
  • (匿名) (ID: Id(467))
  • write (ID: Id(122))
  • (匿名) (ID: Id(54))
  • 0 (ID: Id(426))
  • (匿名) (ID: Id(75))
  • Owned (ID: Id(191))
  • (匿名) (ID: Id(160))
  • decode_engine_vec (ID: Id(497))
  • (匿名) (ID: Id(219))
  • BCRYPT (ID: Id(387))
  • (匿名) (ID: Id(349))
  • (匿名) (ID: Id(286))
  • (匿名) (ID: Id(383))
  • general_purpose (ID: Id(249))
  • (匿名) (ID: Id(186))
  • try_from (ID: Id(40))
  • 0 (ID: Id(431))
  • (匿名) (ID: Id(291))
  • (匿名) (ID: Id(339))
  • (匿名) (ID: Id(311))
  • (匿名) (ID: Id(216))
  • (匿名) (ID: Id(150))
  • with_decode_padding_mode (ID: Id(213))
  • (匿名) (ID: Id(109))
  • (匿名) (ID: Id(348))
  • (匿名) (ID: Id(306))
  • (匿名) (ID: Id(197))
  • (匿名) (ID: Id(221))
  • (匿名) (ID: Id(7))
  • to_owned (ID: Id(192))
  • (匿名) (ID: Id(334))
  • (匿名) (ID: Id(510))
  • clone (ID: Id(231))
  • (匿名) (ID: Id(6))
  • (匿名) (ID: Id(333))
  • (匿名) (ID: Id(78))
  • (匿名) (ID: Id(480))
  • (匿名) (ID: Id(412))
  • (匿名) (ID: Id(454))
  • (匿名) (ID: Id(76))
  • (匿名) (ID: Id(149))
  • from_consumer (ID: Id(133))
  • (匿名) (ID: Id(328))
  • (匿名) (ID: Id(403))
  • (匿名) (ID: Id(153))
  • (匿名) (ID: Id(161))
  • Error (ID: Id(352))
  • fmt (ID: Id(51))
  • (匿名) (ID: Id(175))
  • (匿名) (ID: Id(345))
  • encode_engine_string (ID: Id(393))
  • URL_SAFE_NO_PAD (ID: Id(248))
  • (匿名) (ID: Id(504))
  • (匿名) (ID: Id(177))
  • (匿名) (ID: Id(119))
  • (匿名) (ID: Id(347))
  • (匿名) (ID: Id(18))
  • eq (ID: Id(419))
  • (匿名) (ID: Id(48))
  • (匿名) (ID: Id(41))
  • (匿名) (ID: Id(189))
  • (匿名) (ID: Id(366))
  • (匿名) (ID: Id(338))
  • (匿名) (ID: Id(28))
  • (匿名) (ID: Id(304))
  • (匿名) (ID: Id(228))
  • IMAP_MUTF7 (ID: Id(388))
  • (匿名) (ID: Id(92))
  • (匿名) (ID: Id(473))
  • (匿名) (ID: Id(508))
  • encode_slice (ID: Id(259))
  • (匿名) (ID: Id(225))
  • Config (ID: Id(200))
  • (匿名) (ID: Id(415))
  • (匿名) (ID: Id(398))

================================================================================

📊 统计信息:

  • Struct:  8 个
  • Enum:    5 个
  • Union:   0 个
  • Trait:   4 个
  • Variant: 14 个
  • 泛型参数: 6 个
  • Primitive: 0 个
  • 其他:     411 个
  • 总计:    448 个类型

================================================================================

